<?xml version="1.0" encoding="UTF-8"?>
<testsuite xmlns:xsi="http://www.w3.org/2001/XMLSchema-instance" xsi:noNamespaceSchemaLocation="https://maven.apache.org/surefire/maven-surefire-plugin/xsd/surefire-test-report-3.0.xsd" version="3.0" name="com.recon.backend.BackendApplicationTests" time="3.171" tests="1" errors="0" skipped="0" failures="0">
  <properties>
[...]
</properties>
  <testcase name="contextLoads" classname="com.recon.backend.BackendApplicationTests" time="0.457">
    <system-out><![CDATA[23:16:59.596 [main] INFO org.springframework.test.context.support.AnnotationConfigContextLoaderUtils -- Could not detect default configuration classes for test class [com.recon.backend.BackendApplicationTests]: BackendApplicationTests does not declare any static, non-private, non-final, nested classes annotated with @Configuration.
23:16:59.646 [main] INFO org.springframework.boot.test.context.SpringBootTestContextBootstrapper -- Found @SpringBootConfiguration com.recon.backend.BackendApplication for test class com.recon.backend.BackendApplicationTests
23:16:59.773 [main] INFO org.springframework.boot.devtools.restart.RestartApplicationListener -- Restart disabled due to context in which it is running

  .   ____          _            __ _ _
 /\\ / ___'_ __ _ _(_)_ __  __ _ \ \ \ \
( ( )\___ | '_ | '_| | '_ \/ _` | \ \ \ \
 \\/  ___)| |_)| | | | | || (_| |  ) ) ) )
  '  |____| .__|_| |_|_| |_\__, | / / / /
 =========|_|==============|___/=/_/_/_/

 :: Spring Boot ::                (v3.3.3)

2024-08-27T23:16:59.916+02:00  INFO 78369 --- [backend] [           main] c.recon.backend.BackendApplicationTests  : Starting BackendApplicationTests using Java 19.0.2 with PID 78369 (started by aubreymalabie in /Users/aubreymalabie/Work/liza-work/tiger-recon-backend)
2024-08-27T23:16:59.917+02:00  INFO 78369 --- [backend] [           main] c.recon.backend.BackendApplicationTests  : The following 1 profile is active: "prod"
2024-08-27T23:17:00.616+02:00  INFO 78369 --- [backend] [           main] c.r.b.filters.AuthenticationFilter       : ☕️☕️ AuthenticationFilter constructed
2024-08-27T23:17:00.617+02:00  INFO 78369 --- [backend] [           main] c.r.backend.filters.SimpleCorsFilter     : ☕️☕️☕️ SimpleCorsFilter constructed
2024-08-27T23:17:00.985+02:00  WARN 78369 --- [backend] [           main] ion$DefaultTemplateResolverConfiguration : Cannot find template location: classpath:/templates/ (please add some templates, check your Thymeleaf configuration, or set spring.thymeleaf.check-template-location=false)
2024-08-27T23:17:00.994+02:00  INFO 78369 --- [backend] [           main] o.s.b.a.e.web.EndpointLinksResolver      : Exposing 1 endpoint beneath base path '/actuator'
2024-08-27T23:17:01.025+02:00  INFO 78369 --- [backend] [           main] c.recon.backend.BackendApplicationTests  : Started BackendApplicationTests in 1.26 seconds (process running for 1.808)
2024-08-27T23:17:01.069+02:00  INFO 78369 --- [backend] [           main] BackendApplication                       : 🥝🥝🥝 ReconBackendApp 🥝🍐🍐🍐🍐 Total Endpoints: 11

2024-08-27T23:17:01.070+02:00  INFO 78369 --- [backend] [           main] BackendApplication                       :  🍐🍐 {GET [/v3/api-docs], produces [application/json]}
2024-08-27T23:17:01.070+02:00  INFO 78369 --- [backend] [           main] BackendApplication                       :  🍐🍐 {GET [/banks/createSouthAfricanBanks]}
2024-08-27T23:17:01.070+02:00  INFO 78369 --- [backend] [           main] BackendApplication                       :  🍐🍐 {POST [/banks/create]}
2024-08-27T23:17:01.070+02:00  INFO 78369 --- [backend] [           main] BackendApplication                       :  🍐🍐 {GET [/banks/findByName]}
2024-08-27T23:17:01.070+02:00  INFO 78369 --- [backend] [           main] BackendApplication                       :  🍐🍐 {GET [/v3/api-docs.yaml], produces [application/vnd.oai.openapi]}
2024-08-27T23:17:01.070+02:00  INFO 78369 --- [backend] [           main] BackendApplication                       :  🍐🍐 {GET [/swagger-ui.html]}
2024-08-27T23:17:01.071+02:00  INFO 78369 --- [backend] [           main] BackendApplication                       :  🍐🍐 { [/error]}
2024-08-27T23:17:01.071+02:00  INFO 78369 --- [backend] [           main] BackendApplication                       :  🍐🍐 {GET [/banks/findAll]}
2024-08-27T23:17:01.071+02:00  INFO 78369 --- [backend] [           main] BackendApplication                       :  🍐🍐 {GET [/banks/findById]}
2024-08-27T23:17:01.071+02:00  INFO 78369 --- [backend] [           main] BackendApplication                       :  🍐🍐 { [/error], produces [text/html]}
2024-08-27T23:17:01.071+02:00  INFO 78369 --- [backend] [           main] BackendApplication                       :  🍐🍐 {GET [/v3/api-docs/swagger-config], produces [application/json]}
2024-08-27T23:17:01.071+02:00  INFO 78369 --- [backend] [           main] FirebaseService                          : 🌀🌀🌀 .... initializing Firebase ....
2024-08-27T23:17:01.071+02:00  INFO 78369 --- [backend] [           main] FirebaseService                          : 🌀🌀🌀 Project Id from Properties: 🍎 recon-back
2024-08-27T23:17:01.108+02:00  INFO 78369 --- [backend] [           main] FirebaseService                          : 🌀🌀🌀🌀🌀creds: ServiceAccountCredentials{universeDomain=googleapis.com, isExplicitUniverseDomain=true, clientId=109953406749286379122, clientEmail=reconback@recon-back.iam.gserviceaccount.com, privateKeyId=eb6f69c6ef69134c6077b0904e40c826162230b6, transportFactoryClassName=com.google.auth.oauth2.OAuth2Utils$DefaultHttpTransportFactory, tokenServerUri=https://oauth2.googleapis.com/token, scopes=[], defaultScopes=[], lifetime=3600, useJwtAccessWithScope=false, defaultRetriesEnabled=true}
2024-08-27T23:17:01.119+02:00  INFO 78369 --- [backend] [           main] FirebaseService                          : 🌀🌀🌀🌀🌀 Firebase has been initialized: https://recon-back.firebaseio.com/ 🍎
2024-08-27T23:17:01.137+02:00  INFO 78369 --- [backend] [           main] FirebaseService                          : 🌀🌀🌀🌀🌀 Firestore has been initialized:
 🌿 projectId: recon-back
 🌿 databaseId: (default)
 🌿 scopedCredentials: ServiceAccountCredentials{universeDomain=googleapis.com, isExplicitUniverseDomain=true, clientId=109953406749286379122, clientEmail=reconback@recon-back.iam.gserviceaccount.com, privateKeyId=eb6f69c6ef69134c6077b0904e40c826162230b6, transportFactoryClassName=com.google.auth.oauth2.OAuth2Utils$DefaultHttpTransportFactory, tokenServerUri=https://oauth2.googleapis.com/token, scopes=[https://www.googleapis.com/auth/cloud-platform, https://www.googleapis.com/auth/datastore], defaultScopes=[], lifetime=3600, useJwtAccessWithScope=false, defaultRetriesEnabled=true}
 🍎🍎🍎🍎🍎
2024-08-27T23:17:02.215+02:00  INFO 78369 --- [backend] [           main] CommunicationsService                    : 🌍🌍🌍 CommunicationsService 🌍  😡 200 rows
]]></system-out>
  </testcase>
</testsuite>